<component name="libraryTable">
  <library name="junit:junit:4.3" type="repository">
    <properties maven-id="junit:junit:4.3" />
    <CLASSES>
      <root url="jar://$MAVEN_REPOSITORY$/junit/junit/4.3/junit-4.3.jar!/" />
    </CLASSES>
    <JAVADOC />
    <SOURCES />
  </library>
</component>